Book Id = 2is issued to User Id =  1234
Book Id = 2is issued to User Id =  1234
Book Id = 2is issued to User Id =  1234
Book Id = 2is issued to User Id =  1234
Book Id = 2is issued to User Id =  1234
Book Id = 2is issued to User Id =  1234
Book Id = 2is issued to User Id =  1234
Book Id = 2is returned from  User Id =  1234
Title = Pi Initial copies = 10
Title = The Art Of Computer Prog. Initial copies = 10
Title = The Pragmatic Programmer Initial copies = 10
Title = Java Concurrency In Practice Initial copies = 10
Title = Introduction to Algorithms  Initial copies = 10
Title = Pi Initial copies = 10
Title = Introduction to Algorithms Initial copies = 10
Title = The Imitation Game  Initial copies = 10
Title = WarGames Initial copies = 10
Title = Hackers Initial copies = 10
Title = Introduction to Algorithms Initial copies = 10
Title = Pi Initial copies = 10
Title = Pi Initial copies = 10
Title = The Art Of Computer Prog. Initial copies = 10
Title = The Pragmatic Programmer Initial copies = 10
Title = Java Concurrency In Practice Initial copies = 10
Title = Introduction to Algorithms  Initial copies = 10
Title = Pi Initial copies = 10
Title = Introduction to Algorithms Initial copies = 10
Title = The Imitation Game  Initial copies = 10
Title = WarGames Initial copies = 10
Title = Hackers Initial copies = 10
Title = Introduction to Algorithms Initial copies = 10
Title = Pi Initial copies = 10
Title = Pi Initial copies = 10 remaining Copies 10
Title = The Art Of Computer Prog. Initial copies = 10 remaining Copies 10
Title = The Pragmatic Programmer Initial copies = 10 remaining Copies 10
Title = Java Concurrency In Practice Initial copies = 10 remaining Copies 10
Title = Introduction to Algorithms  Initial copies = 10 remaining Copies 10
Title = Pi Initial copies = 10 remaining Copies 10
Title = Introduction to Algorithms Initial copies = 10 remaining Copies 10
Title = The Imitation Game  Initial copies = 10 remaining Copies 10
Title = WarGames Initial copies = 10 remaining Copies 10
Title = Hackers Initial copies = 10 remaining Copies 10
Title = Introduction to Algorithms Initial copies = 10 remaining Copies 10
Title = Pi Initial copies = 10 remaining Copies 10
Book Id = 2is returned from  User Id =  1234
Book Id = 2is issued to User Id =  1234
Title = Pi Initial copies = 10 remaining Copies 10
Title = The Art Of Computer Prog. Initial copies = 10 remaining Copies 10
Title = The Pragmatic Programmer Initial copies = 10 remaining Copies 10
Title = Java Concurrency In Practice Initial copies = 10 remaining Copies 10
Title = Introduction to Algorithms  Initial copies = 10 remaining Copies 10
Title = Pi Initial copies = 10 remaining Copies 10
Title = Introduction to Algorithms Initial copies = 10 remaining Copies 10
Title = The Imitation Game  Initial copies = 10 remaining Copies 10
Title = WarGames Initial copies = 10 remaining Copies 10
Title = Hackers Initial copies = 10 remaining Copies 10
Title = Introduction to Algorithms Initial copies = 10 remaining Copies 10
Title = Pi Initial copies = 10 remaining Copies 10
Title = Pi Initial copies = 10 remaining Copies 10
Title = The Art Of Computer Prog. Initial copies = 10 remaining Copies 10
Title = The Pragmatic Programmer Initial copies = 10 remaining Copies 10
Title = Java Concurrency In Practice Initial copies = 10 remaining Copies 10
Title = Introduction to Algorithms  Initial copies = 10 remaining Copies 10
Title = Pi Initial copies = 10 remaining Copies 10
Title = Introduction to Algorithms Initial copies = 10 remaining Copies 10
Title = The Imitation Game  Initial copies = 10 remaining Copies 10
Title = WarGames Initial copies = 10 remaining Copies 10
Title = Hackers Initial copies = 10 remaining Copies 10
Title = Introduction to Algorithms Initial copies = 10 remaining Copies 10
Title = Pi Initial copies = 10 remaining Copies 10
Title = Pi Initial copies = 10
Title = The Art Of Computer Prog. Initial copies = 10
Title = The Pragmatic Programmer Initial copies = 10
Title = Java Concurrency In Practice Initial copies = 10
Title = Introduction to Algorithms  Initial copies = 10
Title = Pi Initial copies = 10
Title = Introduction to Algorithms Initial copies = 10
Title = The Imitation Game  Initial copies = 10
Title = WarGames Initial copies = 10
Title = Hackers Initial copies = 10
Title = Introduction to Algorithms Initial copies = 10
Title = Pi Initial copies = 10
Title = Pi Initial copies = 10
Title = The Art Of Computer Prog. Initial copies = 10
Title = The Pragmatic Programmer Initial copies = 10
Title = Java Concurrency In Practice Initial copies = 10
Title = Introduction to Algorithms  Initial copies = 10
Title = Pi Initial copies = 10
Title = Introduction to Algorithms Initial copies = 10
Title = The Imitation Game  Initial copies = 10
Title = WarGames Initial copies = 10
Title = Hackers Initial copies = 10
Title = Introduction to Algorithms Initial copies = 10
Title = Pi Initial copies = 10
Book Id = 2is returned from  User Id =  1234
Book Id = 2is issued to User Id =  1234
Title = Pi Initial copies = 10 remaining Copies 10
Title = The Art Of Computer Prog. Initial copies = 10 remaining Copies 10
Title = The Pragmatic Programmer Initial copies = 10 remaining Copies 10
Title = Java Concurrency In Practice Initial copies = 10 remaining Copies 10
Title = Introduction to Algorithms  Initial copies = 10 remaining Copies 10
Title = Pi Initial copies = 10 remaining Copies 10
Title = Introduction to Algorithms Initial copies = 10 remaining Copies 10
Title = The Imitation Game  Initial copies = 10 remaining Copies 10
Title = WarGames Initial copies = 10 remaining Copies 10
Title = Hackers Initial copies = 10 remaining Copies 10
Title = Introduction to Algorithms Initial copies = 10 remaining Copies 10
Title = Pi Initial copies = 10 remaining Copies 10
Title = Pi Initial copies = 10 remaining Copies 10
Title = The Art Of Computer Prog. Initial copies = 10 remaining Copies 10
Title = The Pragmatic Programmer Initial copies = 10 remaining Copies 10
Title = Java Concurrency In Practice Initial copies = 10 remaining Copies 10
Title = Introduction to Algorithms  Initial copies = 10 remaining Copies 10
Title = Pi Initial copies = 10 remaining Copies 10
Title = Introduction to Algorithms Initial copies = 10 remaining Copies 10
Title = The Imitation Game  Initial copies = 10 remaining Copies 10
Title = WarGames Initial copies = 10 remaining Copies 10
Title = Hackers Initial copies = 10 remaining Copies 10
Title = Introduction to Algorithms Initial copies = 10 remaining Copies 10
Title = Pi Initial copies = 10 remaining Copies 10
Title = Pi Initial copies = 10
Title = The Art Of Computer Prog. Initial copies = 10
Title = The Pragmatic Programmer Initial copies = 10
Title = Java Concurrency In Practice Initial copies = 10
Title = Introduction to Algorithms  Initial copies = 10
Title = Pi Initial copies = 10
Title = Introduction to Algorithms Initial copies = 10
Title = The Imitation Game  Initial copies = 10
Title = WarGames Initial copies = 10
Title = Hackers Initial copies = 10
Title = Introduction to Algorithms Initial copies = 10
Title = Pi Initial copies = 10
Title = Pi Initial copies = 10
Title = The Art Of Computer Prog. Initial copies = 10
Title = The Pragmatic Programmer Initial copies = 10
Title = Java Concurrency In Practice Initial copies = 10
Title = Introduction to Algorithms  Initial copies = 10
Title = Pi Initial copies = 10
Title = Introduction to Algorithms Initial copies = 10
Title = The Imitation Game  Initial copies = 10
Title = WarGames Initial copies = 10
Title = Hackers Initial copies = 10
Title = Introduction to Algorithms Initial copies = 10
Title = Pi Initial copies = 10
Book Id = 2is returned from  User Id =  1234
Book Id = 2is issued to User Id =  1234
Title = The Art Of Computer Prog. Initial copies = 10 remaining Copies 10
Title = Introduction to Algorithms  Initial copies = 10 remaining Copies 10
Title = The Imitation Game  Initial copies = 10 remaining Copies 10
Title = Pi Initial copies = 10 remaining Copies 10
Title = The Pragmatic Programmer Initial copies = 10 remaining Copies 10
Title = Java Concurrency In Practice Initial copies = 10 remaining Copies 10
Title = Pi Initial copies = 10 remaining Copies 10
Title = Introduction to Algorithms Initial copies = 10 remaining Copies 10
Title = WarGames Initial copies = 10 remaining Copies 10
Title = Hackers Initial copies = 10 remaining Copies 10
Title = Introduction to Algorithms Initial copies = 10 remaining Copies 10
Title = Pi Initial copies = 10 remaining Copies 10
Title = The Art Of Computer Prog. Initial copies = 10 remaining Copies 10
Title = Introduction to Algorithms  Initial copies = 10 remaining Copies 10
Title = The Imitation Game  Initial copies = 10 remaining Copies 10
Title = Pi Initial copies = 10 remaining Copies 10
Title = The Pragmatic Programmer Initial copies = 10 remaining Copies 10
Title = Java Concurrency In Practice Initial copies = 10 remaining Copies 10
Title = Pi Initial copies = 10 remaining Copies 10
Title = Introduction to Algorithms Initial copies = 10 remaining Copies 10
Title = WarGames Initial copies = 10 remaining Copies 10
Title = Hackers Initial copies = 10 remaining Copies 10
Title = Introduction to Algorithms Initial copies = 10 remaining Copies 10
Title = Pi Initial copies = 10 remaining Copies 10
Title = The Art Of Computer Prog. Initial copies = 10
Title = Introduction to Algorithms  Initial copies = 10
Title = The Imitation Game  Initial copies = 10
Title = Pi Initial copies = 10
Title = The Pragmatic Programmer Initial copies = 10
Title = Java Concurrency In Practice Initial copies = 10
Title = Pi Initial copies = 10
Title = Introduction to Algorithms Initial copies = 10
Title = WarGames Initial copies = 10
Title = Hackers Initial copies = 10
Title = Introduction to Algorithms Initial copies = 10
Title = Pi Initial copies = 10
Title = The Art Of Computer Prog. Initial copies = 10
Title = Introduction to Algorithms  Initial copies = 10
Title = The Imitation Game  Initial copies = 10
Title = Pi Initial copies = 10
Title = The Pragmatic Programmer Initial copies = 10
Title = Java Concurrency In Practice Initial copies = 10
Title = Pi Initial copies = 10
Title = Introduction to Algorithms Initial copies = 10
Title = WarGames Initial copies = 10
Title = Hackers Initial copies = 10
Title = Introduction to Algorithms Initial copies = 10
Title = Pi Initial copies = 10
Book Id = 2is returned from  User Id =  1234
Book Id = 2is issued to User Id =  1234
Title = The Art Of Computer Prog. Initial copies = 10 remaining Copies 10
Title = Introduction to Algorithms  Initial copies = 10 remaining Copies 10
Title = The Imitation Game  Initial copies = 10 remaining Copies 10
Title = Pi Initial copies = 10 remaining Copies 10
Title = The Pragmatic Programmer Initial copies = 10 remaining Copies 10
Title = Java Concurrency In Practice Initial copies = 10 remaining Copies 10
Title = Pi Initial copies = 10 remaining Copies 10
Title = Introduction to Algorithms Initial copies = 10 remaining Copies 10
Title = WarGames Initial copies = 10 remaining Copies 10
Title = Hackers Initial copies = 10 remaining Copies 10
Title = Introduction to Algorithms Initial copies = 10 remaining Copies 10
Title = Pi Initial copies = 10 remaining Copies 10
Title = The Art Of Computer Prog. Initial copies = 10 remaining Copies 10
Title = Introduction to Algorithms  Initial copies = 10 remaining Copies 10
Title = The Imitation Game  Initial copies = 10 remaining Copies 10
Title = Pi Initial copies = 10 remaining Copies 10
Title = The Pragmatic Programmer Initial copies = 10 remaining Copies 10
Title = Java Concurrency In Practice Initial copies = 10 remaining Copies 10
Title = Pi Initial copies = 10 remaining Copies 10
Title = Introduction to Algorithms Initial copies = 10 remaining Copies 10
Title = WarGames Initial copies = 10 remaining Copies 10
Title = Hackers Initial copies = 10 remaining Copies 10
Title = Introduction to Algorithms Initial copies = 10 remaining Copies 10
Title = Pi Initial copies = 10 remaining Copies 10
Title = The Art Of Computer Prog. Initial copies = 10
Title = Introduction to Algorithms  Initial copies = 10
Title = The Imitation Game  Initial copies = 10
Title = Pi Initial copies = 10
Title = The Pragmatic Programmer Initial copies = 10
Title = Java Concurrency In Practice Initial copies = 10
Title = Pi Initial copies = 10
Title = Introduction to Algorithms Initial copies = 10
Title = WarGames Initial copies = 10
Title = Hackers Initial copies = 10
Title = Introduction to Algorithms Initial copies = 10
Title = Pi Initial copies = 10
Title = The Art Of Computer Prog. Initial copies = 10
Title = Introduction to Algorithms  Initial copies = 10
Title = The Imitation Game  Initial copies = 10
Title = Pi Initial copies = 10
Title = The Pragmatic Programmer Initial copies = 10
Title = Java Concurrency In Practice Initial copies = 10
Title = Pi Initial copies = 10
Title = Introduction to Algorithms Initial copies = 10
Title = WarGames Initial copies = 10
Title = Hackers Initial copies = 10
Title = Introduction to Algorithms Initial copies = 10
Title = Pi Initial copies = 10
Book Id = 2is returned from  User Id =  1234
Book Id = 2is issued to User Id =  1234
Title = The Art Of Computer Prog. Initial copies = 10 remaining Copies 10
Title = Introduction to Algorithms  Initial copies = 10 remaining Copies 10
Title = The Imitation Game  Initial copies = 10 remaining Copies 10
Title = Pi Initial copies = 10 remaining Copies 10
Title = The Pragmatic Programmer Initial copies = 10 remaining Copies 10
Title = Java Concurrency In Practice Initial copies = 10 remaining Copies 10
Title = Pi Initial copies = 10 remaining Copies 10
Title = Introduction to Algorithms Initial copies = 10 remaining Copies 10
Title = WarGames Initial copies = 10 remaining Copies 10
Title = Hackers Initial copies = 10 remaining Copies 10
Title = Introduction to Algorithms Initial copies = 10 remaining Copies 10
Title = Pi Initial copies = 10 remaining Copies 10
Title = The Art Of Computer Prog. Initial copies = 10 remaining Copies 10
Title = Introduction to Algorithms  Initial copies = 10 remaining Copies 10
Title = The Imitation Game  Initial copies = 10 remaining Copies 10
Title = Pi Initial copies = 10 remaining Copies 10
Title = The Pragmatic Programmer Initial copies = 10 remaining Copies 10
Title = Java Concurrency In Practice Initial copies = 10 remaining Copies 10
Title = Pi Initial copies = 10 remaining Copies 10
Title = Introduction to Algorithms Initial copies = 10 remaining Copies 10
Title = WarGames Initial copies = 10 remaining Copies 10
Title = Hackers Initial copies = 10 remaining Copies 10
Title = Introduction to Algorithms Initial copies = 10 remaining Copies 10
Title = Pi Initial copies = 10 remaining Copies 10
Title = The Art Of Computer Prog. Initial copies = 10
Title = Introduction to Algorithms  Initial copies = 10
Title = The Imitation Game  Initial copies = 10
Title = Pi Initial copies = 10
Title = The Pragmatic Programmer Initial copies = 10
Title = Java Concurrency In Practice Initial copies = 10
Title = Pi Initial copies = 10
Title = Introduction to Algorithms Initial copies = 10
Title = WarGames Initial copies = 10
Title = Hackers Initial copies = 10
Title = Introduction to Algorithms Initial copies = 10
Title = Pi Initial copies = 10
Title = The Art Of Computer Prog. Initial copies = 10
Title = Introduction to Algorithms  Initial copies = 10
Title = The Imitation Game  Initial copies = 10
Title = Pi Initial copies = 10
Title = The Pragmatic Programmer Initial copies = 10
Title = Java Concurrency In Practice Initial copies = 10
Title = Pi Initial copies = 10
Title = Introduction to Algorithms Initial copies = 10
Title = WarGames Initial copies = 10
Title = Hackers Initial copies = 10
Title = Introduction to Algorithms Initial copies = 10
Title = Pi Initial copies = 10
Book Id = 2is returned from  User Id =  1234
Book Id = 2is issued to User Id =  1234
Title = The Art Of Computer Prog. Initial copies = 10 remaining Copies 10
Title = Introduction to Algorithms  Initial copies = 10 remaining Copies 10
Title = The Imitation Game  Initial copies = 10 remaining Copies 10
Title = Pi Initial copies = 10 remaining Copies 10
Title = The Pragmatic Programmer Initial copies = 10 remaining Copies 10
Title = Java Concurrency In Practice Initial copies = 10 remaining Copies 10
Title = Pi Initial copies = 10 remaining Copies 10
Title = Introduction to Algorithms Initial copies = 10 remaining Copies 10
Title = WarGames Initial copies = 10 remaining Copies 10
Title = Hackers Initial copies = 10 remaining Copies 10
Title = Introduction to Algorithms Initial copies = 10 remaining Copies 10
Title = Pi Initial copies = 10 remaining Copies 10
Title = The Art Of Computer Prog. Initial copies = 10 remaining Copies 10
Title = Introduction to Algorithms  Initial copies = 10 remaining Copies 10
Title = The Imitation Game  Initial copies = 10 remaining Copies 10
Title = Pi Initial copies = 10 remaining Copies 10
Title = The Pragmatic Programmer Initial copies = 10 remaining Copies 10
Title = Java Concurrency In Practice Initial copies = 10 remaining Copies 10
Title = Pi Initial copies = 10 remaining Copies 10
Title = Introduction to Algorithms Initial copies = 10 remaining Copies 10
Title = WarGames Initial copies = 10 remaining Copies 10
Title = Hackers Initial copies = 10 remaining Copies 10
Title = Introduction to Algorithms Initial copies = 10 remaining Copies 10
Title = Pi Initial copies = 10 remaining Copies 10
Title = The Art Of Computer Prog. Initial copies = 10
Title = Introduction to Algorithms  Initial copies = 10
Title = The Imitation Game  Initial copies = 10
Title = Pi Initial copies = 10
Title = The Pragmatic Programmer Initial copies = 10
Title = Java Concurrency In Practice Initial copies = 10
Title = Pi Initial copies = 10
Title = Introduction to Algorithms Initial copies = 10
Title = WarGames Initial copies = 10
Title = Hackers Initial copies = 10
Title = Introduction to Algorithms Initial copies = 10
Title = Pi Initial copies = 10
Title = The Art Of Computer Prog. Initial copies = 10
Title = Introduction to Algorithms  Initial copies = 10
Title = The Imitation Game  Initial copies = 10
Title = Pi Initial copies = 10
Title = The Pragmatic Programmer Initial copies = 10
Title = Java Concurrency In Practice Initial copies = 10
Title = Pi Initial copies = 10
Title = Introduction to Algorithms Initial copies = 10
Title = WarGames Initial copies = 10
Title = Hackers Initial copies = 10
Title = Introduction to Algorithms Initial copies = 10
Title = Pi Initial copies = 10
Book Id = 2is returned from  User Id =  1234
Book Id = 2is issued to User Id =  1234
Title = The Art Of Computer Prog. Initial copies = 10 remaining Copies 10
Title = Introduction to Algorithms  Initial copies = 10 remaining Copies 10
Title = The Imitation Game  Initial copies = 10 remaining Copies 10
Title = Pi Initial copies = 10 remaining Copies 10
Title = The Pragmatic Programmer Initial copies = 10 remaining Copies 10
Title = Java Concurrency In Practice Initial copies = 10 remaining Copies 10
Title = Pi Initial copies = 10 remaining Copies 10
Title = Introduction to Algorithms Initial copies = 10 remaining Copies 10
Title = WarGames Initial copies = 10 remaining Copies 10
Title = Hackers Initial copies = 10 remaining Copies 10
Title = Introduction to Algorithms Initial copies = 10 remaining Copies 10
Title = Pi Initial copies = 10 remaining Copies 10
Title = The Art Of Computer Prog. Initial copies = 10 remaining Copies 10
Title = Introduction to Algorithms  Initial copies = 10 remaining Copies 10
Title = The Imitation Game  Initial copies = 10 remaining Copies 10
Title = Pi Initial copies = 10 remaining Copies 10
Title = The Pragmatic Programmer Initial copies = 10 remaining Copies 10
Title = Java Concurrency In Practice Initial copies = 10 remaining Copies 10
Title = Pi Initial copies = 10 remaining Copies 10
Title = Introduction to Algorithms Initial copies = 10 remaining Copies 10
Title = WarGames Initial copies = 10 remaining Copies 10
Title = Hackers Initial copies = 10 remaining Copies 10
Title = Introduction to Algorithms Initial copies = 10 remaining Copies 10
Title = Pi Initial copies = 10 remaining Copies 10
Title = The Art Of Computer Prog. Initial copies = 10
Title = Introduction to Algorithms  Initial copies = 10
Title = The Imitation Game  Initial copies = 10
Title = Pi Initial copies = 10
Title = The Pragmatic Programmer Initial copies = 10
Title = Java Concurrency In Practice Initial copies = 10
Title = Pi Initial copies = 10
Title = Introduction to Algorithms Initial copies = 10
Title = WarGames Initial copies = 10
Title = Hackers Initial copies = 10
Title = Introduction to Algorithms Initial copies = 10
Title = Pi Initial copies = 10
Title = The Art Of Computer Prog. Initial copies = 10
Title = Introduction to Algorithms  Initial copies = 10
Title = The Imitation Game  Initial copies = 10
Title = Pi Initial copies = 10
Title = The Pragmatic Programmer Initial copies = 10
Title = Java Concurrency In Practice Initial copies = 10
Title = Pi Initial copies = 10
Title = Introduction to Algorithms Initial copies = 10
Title = WarGames Initial copies = 10
Title = Hackers Initial copies = 10
Title = Introduction to Algorithms Initial copies = 10
Title = Pi Initial copies = 10
Title = The Art Of Computer Prog. Initial copies = 10
Title = Introduction to Algorithms  Initial copies = 10
Title = The Imitation Game  Initial copies = 10
Title = Pi Initial copies = 10
Title = The Pragmatic Programmer Initial copies = 10
Title = Java Concurrency In Practice Initial copies = 10
Title = Pi Initial copies = 10
Title = Introduction to Algorithms Initial copies = 10
Title = WarGames Initial copies = 10
Title = Hackers Initial copies = 10
Title = Introduction to Algorithms Initial copies = 10
Title = Pi Initial copies = 10
Title = The Art Of Computer Prog. Initial copies = 10 remaining Copies 10
Title = Introduction to Algorithms  Initial copies = 10 remaining Copies 10
Title = The Imitation Game  Initial copies = 10 remaining Copies 10
Title = Pi Initial copies = 10 remaining Copies 10
Title = The Pragmatic Programmer Initial copies = 10 remaining Copies 10
Title = Java Concurrency In Practice Initial copies = 10 remaining Copies 10
Title = Pi Initial copies = 10 remaining Copies 10
Title = Introduction to Algorithms Initial copies = 10 remaining Copies 10
Title = WarGames Initial copies = 10 remaining Copies 10
Title = Hackers Initial copies = 10 remaining Copies 10
Title = Introduction to Algorithms Initial copies = 10 remaining Copies 10
Title = Pi Initial copies = 10 remaining Copies 10
Title = The Art Of Computer Prog. Initial copies = 10
Title = Introduction to Algorithms  Initial copies = 10
Title = The Imitation Game  Initial copies = 10
Title = Pi Initial copies = 10
Title = The Pragmatic Programmer Initial copies = 10
Title = Java Concurrency In Practice Initial copies = 10
Title = Pi Initial copies = 10
Title = Introduction to Algorithms Initial copies = 10
Title = WarGames Initial copies = 10
Title = Hackers Initial copies = 10
Title = Introduction to Algorithms Initial copies = 10
Title = Pi Initial copies = 10
Title = The Art Of Computer Prog. Initial copies = 10 remaining Copies 10
Title = Introduction to Algorithms  Initial copies = 10 remaining Copies 10
Title = The Imitation Game  Initial copies = 10 remaining Copies 10
Title = Pi Initial copies = 10 remaining Copies 10
Title = The Pragmatic Programmer Initial copies = 10 remaining Copies 10
Title = Java Concurrency In Practice Initial copies = 10 remaining Copies 10
Title = Pi Initial copies = 10 remaining Copies 10
Title = Introduction to Algorithms Initial copies = 10 remaining Copies 10
Title = WarGames Initial copies = 10 remaining Copies 10
Title = Hackers Initial copies = 10 remaining Copies 10
Title = Introduction to Algorithms Initial copies = 10 remaining Copies 10
Title = Pi Initial copies = 10 remaining Copies 10
Book Id = 2is returned from  User Id =  1234
Book Id = 2is issued to User Id =  1234
Title = The Art Of Computer Prog. Initial copies = 10
Title = Introduction to Algorithms  Initial copies = 10
Title = The Imitation Game  Initial copies = 10
Title = Pi Initial copies = 10
Title = The Pragmatic Programmer Initial copies = 10
Title = Java Concurrency In Practice Initial copies = 10
Title = Pi Initial copies = 10
Title = Introduction to Algorithms Initial copies = 10
Title = WarGames Initial copies = 10
Title = Hackers Initial copies = 10
Title = Introduction to Algorithms Initial copies = 10
Title = Pi Initial copies = 10
Title = The Art Of Computer Prog. Initial copies = 10 remaining Copies 10
Title = Introduction to Algorithms  Initial copies = 10 remaining Copies 10
Title = The Imitation Game  Initial copies = 10 remaining Copies 10
Title = Pi Initial copies = 10 remaining Copies 10
Title = The Pragmatic Programmer Initial copies = 10 remaining Copies 10
Title = Java Concurrency In Practice Initial copies = 10 remaining Copies 10
Title = Pi Initial copies = 10 remaining Copies 10
Title = Introduction to Algorithms Initial copies = 10 remaining Copies 10
Title = WarGames Initial copies = 10 remaining Copies 10
Title = Hackers Initial copies = 10 remaining Copies 10
Title = Introduction to Algorithms Initial copies = 10 remaining Copies 10
Title = Pi Initial copies = 10 remaining Copies 10
Title = The Art Of Computer Prog. Initial copies = 10
Title = Introduction to Algorithms  Initial copies = 10
Title = The Imitation Game  Initial copies = 10
Title = Pi Initial copies = 10
Title = The Pragmatic Programmer Initial copies = 10
Title = Java Concurrency In Practice Initial copies = 10
Title = Pi Initial copies = 10
Title = Introduction to Algorithms Initial copies = 10
Title = WarGames Initial copies = 10
Title = Hackers Initial copies = 10
Title = Introduction to Algorithms Initial copies = 10
Title = Pi Initial copies = 10
Title = The Art Of Computer Prog. Initial copies = 10 remaining Copies 10
Title = Introduction to Algorithms  Initial copies = 10 remaining Copies 10
Title = The Imitation Game  Initial copies = 10 remaining Copies 10
Title = Pi Initial copies = 10 remaining Copies 10
Title = The Pragmatic Programmer Initial copies = 10 remaining Copies 10
Title = Java Concurrency In Practice Initial copies = 10 remaining Copies 10
Title = Pi Initial copies = 10 remaining Copies 10
Title = Introduction to Algorithms Initial copies = 10 remaining Copies 10
Title = WarGames Initial copies = 10 remaining Copies 10
Title = Hackers Initial copies = 10 remaining Copies 10
Title = Introduction to Algorithms Initial copies = 10 remaining Copies 10
Title = Pi Initial copies = 10 remaining Copies 10
Book Id = 2is returned from  User Id =  1234
Book Id = 2is issued to User Id =  1234
Title = The Art Of Computer Prog. Initial copies = 10
Title = Introduction to Algorithms  Initial copies = 10
Title = The Imitation Game  Initial copies = 10
Title = Pi Initial copies = 10
Title = The Pragmatic Programmer Initial copies = 10
Title = Java Concurrency In Practice Initial copies = 10
Title = Pi Initial copies = 10
Title = Introduction to Algorithms Initial copies = 10
Title = WarGames Initial copies = 10
Title = Hackers Initial copies = 10
Title = Introduction to Algorithms Initial copies = 10
Title = Pi Initial copies = 10
Title = The Art Of Computer Prog. Initial copies = 10 remaining Copies 10
Title = Introduction to Algorithms  Initial copies = 10 remaining Copies 10
Title = The Imitation Game  Initial copies = 10 remaining Copies 10
Title = Pi Initial copies = 10 remaining Copies 10
Title = The Pragmatic Programmer Initial copies = 10 remaining Copies 10
Title = Java Concurrency In Practice Initial copies = 10 remaining Copies 10
Title = Pi Initial copies = 10 remaining Copies 10
Title = Introduction to Algorithms Initial copies = 10 remaining Copies 10
Title = WarGames Initial copies = 10 remaining Copies 10
Title = Hackers Initial copies = 10 remaining Copies 10
Title = Introduction to Algorithms Initial copies = 10 remaining Copies 10
Title = Pi Initial copies = 10 remaining Copies 10
Title = The Art Of Computer Prog. Initial copies = 10
Title = Introduction to Algorithms  Initial copies = 10
Title = The Imitation Game  Initial copies = 10
Title = Pi Initial copies = 10
Title = The Pragmatic Programmer Initial copies = 10
Title = Java Concurrency In Practice Initial copies = 10
Title = Pi Initial copies = 10
Title = Introduction to Algorithms Initial copies = 10
Title = WarGames Initial copies = 10
Title = Hackers Initial copies = 10
Title = Introduction to Algorithms Initial copies = 10
Title = Pi Initial copies = 10
Title = The Art Of Computer Prog. Initial copies = 10 remaining Copies 10
Title = Introduction to Algorithms  Initial copies = 10 remaining Copies 10
Title = The Imitation Game  Initial copies = 10 remaining Copies 10
Title = Pi Initial copies = 10 remaining Copies 10
Title = The Pragmatic Programmer Initial copies = 10 remaining Copies 10
Title = Java Concurrency In Practice Initial copies = 10 remaining Copies 10
Title = Pi Initial copies = 10 remaining Copies 10
Title = Introduction to Algorithms Initial copies = 10 remaining Copies 10
Title = WarGames Initial copies = 10 remaining Copies 10
Title = Hackers Initial copies = 10 remaining Copies 10
Title = Introduction to Algorithms Initial copies = 10 remaining Copies 10
Title = Pi Initial copies = 10 remaining Copies 10
Book Id = 2is returned from  User Id =  1234
Book Id = 2is issued to User Id =  1234
Title = The Art Of Computer Prog. Initial copies = 10
Title = Introduction to Algorithms  Initial copies = 10
Title = The Imitation Game  Initial copies = 10
Title = Pi Initial copies = 10
Title = The Pragmatic Programmer Initial copies = 10
Title = Java Concurrency In Practice Initial copies = 10
Title = Pi Initial copies = 10
Title = Introduction to Algorithms Initial copies = 10
Title = WarGames Initial copies = 10
Title = Hackers Initial copies = 10
Title = Introduction to Algorithms Initial copies = 10
Title = Pi Initial copies = 10
Title = The Art Of Computer Prog. Initial copies = 10 remaining Copies 10
Title = Introduction to Algorithms  Initial copies = 10 remaining Copies 10
Title = The Imitation Game  Initial copies = 10 remaining Copies 10
Title = Pi Initial copies = 10 remaining Copies 10
Title = The Pragmatic Programmer Initial copies = 10 remaining Copies 10
Title = Java Concurrency In Practice Initial copies = 10 remaining Copies 10
Title = Pi Initial copies = 10 remaining Copies 10
Title = Introduction to Algorithms Initial copies = 10 remaining Copies 10
Title = WarGames Initial copies = 10 remaining Copies 10
Title = Hackers Initial copies = 10 remaining Copies 10
Title = Introduction to Algorithms Initial copies = 10 remaining Copies 10
Title = Pi Initial copies = 10 remaining Copies 10
Title = The Art Of Computer Prog. Initial copies = 10
Title = Introduction to Algorithms  Initial copies = 10
Title = The Imitation Game  Initial copies = 10
Title = Pi Initial copies = 10
Title = The Pragmatic Programmer Initial copies = 10
Title = Java Concurrency In Practice Initial copies = 10
Title = Pi Initial copies = 10
Title = Introduction to Algorithms Initial copies = 10
Title = WarGames Initial copies = 10
Title = Hackers Initial copies = 10
Title = Introduction to Algorithms Initial copies = 10
Title = Pi Initial copies = 10
Title = The Art Of Computer Prog. Initial copies = 10 remaining Copies 10
Title = Introduction to Algorithms  Initial copies = 10 remaining Copies 10
Title = The Imitation Game  Initial copies = 10 remaining Copies 10
Title = Pi Initial copies = 10 remaining Copies 10
Title = The Pragmatic Programmer Initial copies = 10 remaining Copies 10
Title = Java Concurrency In Practice Initial copies = 10 remaining Copies 10
Title = Pi Initial copies = 10 remaining Copies 10
Title = Introduction to Algorithms Initial copies = 10 remaining Copies 10
Title = WarGames Initial copies = 10 remaining Copies 10
Title = Hackers Initial copies = 10 remaining Copies 10
Title = Introduction to Algorithms Initial copies = 10 remaining Copies 10
Title = Pi Initial copies = 10 remaining Copies 10
Book Id = 2is returned from  User Id =  1234
Book Id = 2is issued to User Id =  1234
